1731862462254	geckodriver	INFO	Listening on 127.0.0.1:35019
1731862462310	mozrunner::runner	INFO	Running command: MOZ_CRASHREPORTER="1" MOZ_CRASHREPORTER_NO_REPORT="1" MOZ_CRASHREPORTER_SHUTDOWN="1" MOZ_NO_REMOTE="1" "/usr ... te" "--remote-debugging-port" "50115" "--remote-allow-hosts" "localhost" "-no-remote" "-profile" "/tmp/rust_mozprofilenjJ9YI"
console.warn: services.settings: Ignoring preference override of remote settings server
console.warn: services.settings: Allow by setting MOZ_REMOTE_SETTINGS_DEVTOOLS=1 in the environment
1731862462860	Marionette	INFO	Marionette enabled
1731862464167	Marionette	INFO	Listening on port 35835
WebDriver BiDi listening on ws://127.0.0.1:50115
Read port: 35835
1731862464783	RemoteAgent	WARN	TLS certificate errors will be ignored for this session
console.error: ({})
DevTools listening on ws://127.0.0.1:50115/devtools/browser/b583c15c-c522-4531-9390-574646c0ca25
1731862467243	Marionette	INFO	Stopped listening on port 35835
JavaScript error: resource://activity-stream/lib/ActivityStreamPrefs.sys.mjs, line 34: NS_ERROR_ILLEGAL_VALUE: Component returned failure code: 0x80070057 (NS_ERROR_ILLEGAL_VALUE) [nsIPrefBranch.removeObserver]
console.error: SearchTelemetry: (new TypeError("this[#client] is null", "resource:///modules/SearchSERPTelemetry.sys.mjs", 2730))
console.warn: TopSitesFeed: Failed to fetch data from Contile server: NetworkError when attempting to fetch resource.
console.error: (new RemoteSettingsWorkerError("Remote Settings has shut down.", "resource://services-settings/RemoteSettingsWorker.sys.mjs", 34))
console.error: (new RemoteSettingsWorkerError("Remote Settings has shut down.", "resource://services-settings/RemoteSettingsWorker.sys.mjs", 34))
console.error: (new RemoteSettingsWorkerError("Remote Settings has shut down.", "resource://services-settings/RemoteSettingsWorker.sys.mjs", 34))
console.error: (new RemoteSettingsWorkerError("Remote Settings has shut down.", "resource://services-settings/RemoteSettingsWorker.sys.mjs", 34))
console.error: (new RemoteSettingsWorkerError("Remote Settings has shut down.", "resource://services-settings/RemoteSettingsWorker.sys.mjs", 34))
console.error: (new RemoteSettingsWorkerError("Remote Settings has shut down.", "resource://services-settings/RemoteSettingsWorker.sys.mjs", 34))
console.error: (new RemoteSettingsWorkerError("Remote Settings has shut down.", "resource://services-settings/RemoteSettingsWorker.sys.mjs", 34))
console.error: (new RemoteSettingsWorkerError("Remote Settings has shut down.", "resource://services-settings/RemoteSettingsWorker.sys.mjs", 34))
JavaScript error: resource://gre/modules/ExtensionSettingsStore.sys.mjs, line 112: Error: The ExtensionSettingsStore was accessed before the initialize promise resolved.
JavaScript error: resource://gre/modules/AsyncShutdown.sys.mjs, line 718: Error: Phase "IOUtils: waiting for profileBeforeChange IO to complete" is finished, it is too late to register completion condition "JSON store: writing data for 'shieldpreferenceexperiments'"
console.error: (new RemoteSettingsWorkerError("Remote Settings has shut down.", "resource://services-settings/RemoteSettingsWorker.sys.mjs", 34))
console.error: (new RemoteSettingsWorkerError("Remote Settings has shut down.", "resource://services-settings/RemoteSettingsWorker.sys.mjs", 34))
console.error: WebExtensions: 
  Message: [Exception... "#init: abandoning init due to shutting down"  nsresult: "0x80004004 (NS_ERROR_ABORT)"  location: "JS frame :: resource://gre/modules/SearchService.sys.mjs :: #init :: line 1339"  data: no]
  Stack:
    #init@resource://gre/modules/SearchService.sys.mjs:1339:27
observe@resource://gre/modules/AsyncShutdown.sys.mjs:569:17

JavaScript error: resource://gre/modules/SearchService.sys.mjs, line 1339: NS_ERROR_ABORT: #init: abandoning init due to shutting down
JavaScript error: resource://gre/modules/SearchService.sys.mjs, line 1339: NS_ERROR_ABORT: #init: abandoning init due to shutting down
JavaScript error: resource://gre/modules/SearchService.sys.mjs, line 1339: NS_ERROR_ABORT: #init: abandoning init due to shutting down
JavaScript error: resource://gre/modules/Sqlite.sys.mjs, line 1478: TypeError: connection not specified in clone options.
console.log: "RemoteSettingsWorker error: Error: Can't import when we've started shutting down."
console.error: (new RemoteSettingsWorkerError("Error: Can't import when we've started shutting down.", "resource://services-settings/RemoteSettingsWorker.sys.mjs", 34))

###!!! [Parent][DispatchAsyncMessage] Error: PBackgroundIDBFactory::Msg_PBackgroundIDBFactoryRequestConstructor Value error: message was deserialized, but contained an illegal value


###!!! [Parent][DispatchAsyncMessage] Error: PBackgroundIDBFactory::Msg_PBackgroundIDBFactoryRequestConstructor Value error: message was deserialized, but contained an illegal value

console.error: PushService: 
  clearOriginData: Error clearing origin data:
  UnknownError
console.error: PushService: 
  stateChangeProcessEnqueue: Error transitioning state
  UnknownError
[52121] Sandbox: Unexpected EOF, op 0 flags 00 path /proc/cpuinfo
