1731862323702	geckodriver	INFO	Listening on 127.0.0.1:38177
1731862323758	mozrunner::runner	INFO	Running command: MOZ_CRASHREPORTER="1" MOZ_CRASHREPORTER_NO_REPORT="1" MOZ_CRASHREPORTER_SHUTDOWN="1" MOZ_NO_REMOTE="1" "/usr ... te" "--remote-debugging-port" "54315" "--remote-allow-hosts" "localhost" "-no-remote" "-profile" "/tmp/rust_mozprofileQ5t6ND"
console.warn: services.settings: Ignoring preference override of remote settings server
console.warn: services.settings: Allow by setting MOZ_REMOTE_SETTINGS_DEVTOOLS=1 in the environment
1731862324325	Marionette	INFO	Marionette enabled
1731862325721	Marionette	INFO	Listening on port 40619
WebDriver BiDi listening on ws://127.0.0.1:54315
Read port: 40619
1731862326352	RemoteAgent	WARN	TLS certificate errors will be ignored for this session
console.error: ({})
DevTools listening on ws://127.0.0.1:54315/devtools/browser/b0f6b01e-921c-4f59-acea-391a1cec91e8
1731862328848	Marionette	INFO	Stopped listening on port 40619
JavaScript error: resource://activity-stream/lib/ActivityStreamPrefs.sys.mjs, line 34: NS_ERROR_ILLEGAL_VALUE: Component returned failure code: 0x80070057 (NS_ERROR_ILLEGAL_VALUE) [nsIPrefBranch.removeObserver]
console.error: SearchTelemetry: (new TypeError("this[#client] is null", "resource:///modules/SearchSERPTelemetry.sys.mjs", 2730))
console.warn: TopSitesFeed: Failed to fetch data from Contile server: NetworkError when attempting to fetch resource.
console.log: "RemoteSettingsWorker error: AbortError: IndexedDB:  execute() A request was aborted, for example through a call to IDBTransaction.abort."
console.error: (new RemoteSettingsWorkerError("AbortError: IndexedDB:  execute() A request was aborted, for example through a call to IDBTransaction.abort.", "resource://services-settings/RemoteSettingsWorker.sys.mjs", 34))
console.error: (new AbortError("IndexedDB: main/newtab-wallpapers-v2 getLastModified() IndexedDB:  execute() A request was aborted, for example through a call to IDBTransaction.abort.", "resource://services-settings/IDBHelpers.sys.mjs", 16))
console.error: (new AbortError("IndexedDB: main/sites-classification getLastModified() IndexedDB:  execute() A request was aborted, for example through a call to IDBTransaction.abort.", "resource://services-settings/IDBHelpers.sys.mjs", 16))
console.error: (new AbortError("IndexedDB: main/top-sites getLastModified() IndexedDB:  execute() A request was aborted, for example through a call to IDBTransaction.abort.", "resource://services-settings/IDBHelpers.sys.mjs", 16))
console.error: (new AbortError("IndexedDB: main/anti-tracking-url-decoration list() IndexedDB:  execute() A request was aborted, for example through a call to IDBTransaction.abort.", "resource://services-settings/IDBHelpers.sys.mjs", 16))
console.error: (new AbortError("IndexedDB: main/hijack-blocklists list() IndexedDB:  execute() A request was aborted, for example through a call to IDBTransaction.abort.", "resource://services-settings/IDBHelpers.sys.mjs", 16))
JavaScript error: resource://gre/modules/ExtensionSettingsStore.sys.mjs, line 112: Error: The ExtensionSettingsStore was accessed before the initialize promise resolved.
console.log: "RemoteSettingsWorker error: Error: Can't import when we've started shutting down."
console.error: (new RemoteSettingsWorkerError("Error: Can't import when we've started shutting down.", "resource://services-settings/RemoteSettingsWorker.sys.mjs", 34))
console.log: "RemoteSettingsWorker error: Error: Can't import when we've started shutting down."
console.error: (new RemoteSettingsWorkerError("Error: Can't import when we've started shutting down.", "resource://services-settings/RemoteSettingsWorker.sys.mjs", 34))
console.log: "RemoteSettingsWorker error: Error: Can't import when we've started shutting down."
console.error: (new RemoteSettingsWorkerError("Error: Can't import when we've started shutting down.", "resource://services-settings/RemoteSettingsWorker.sys.mjs", 34))
JavaScript error: resource://gre/modules/JSONFile.sys.mjs, line 172: Error: Data is not ready.
console.error: WebExtensions: 
  Message: [Exception... "#init: abandoning init due to shutting down"  nsresult: "0x80004004 (NS_ERROR_ABORT)"  location: "JS frame :: resource://gre/modules/SearchService.sys.mjs :: #init :: line 1339"  data: no]
  Stack:
    #init@resource://gre/modules/SearchService.sys.mjs:1339:27

JavaScript error: resource://gre/modules/SearchService.sys.mjs, line 1339: NS_ERROR_ABORT: #init: abandoning init due to shutting down
JavaScript error: resource://gre/modules/SearchService.sys.mjs, line 1339: NS_ERROR_ABORT: #init: abandoning init due to shutting down
JavaScript error: resource://gre/modules/SearchService.sys.mjs, line 1339: NS_ERROR_ABORT: #init: abandoning init due to shutting down
JavaScript error: resource://gre/modules/Sqlite.sys.mjs, line 1478: TypeError: connection not specified in clone options.
[49977] Sandbox: Unexpected EOF, op 0 flags 00 path /proc/cpuinfo
